<?xml version="1.0" encoding="UTF-8"?>
<!-- Generated by org.testng.reporters.JUnitXMLReporter -->
<testsuite hostname="DESKTOP-Q44GKQB" ignored="0" name="regression Test" tests="2" failures="0" timestamp="2022-12-13T22:33:22 AEST" time="12.206" errors="0">
  <testcase name="userShouldNavigateToForgotPasswordPageSuccessfully" time="0.864" classname="com.orangehrm.demo.opensource.testsuite.ForgotPasswordTest"/>
  <testcase name="userShouldLoginSuccessfullyWithValidCredentials" time="1.546" classname="com.orangehrm.demo.opensource.testsuite.LoginPageTest"/>
</testsuite> <!-- regression Test -->
