<?xml version="1.0" encoding="UTF-8"?>
<testng-results skipped="0" failed="0" ignored="0" total="2" passed="2">
  <reporter-output>
    <line>
      <![CDATA[Click on Forgot Password[[ChromeDriver: chrome on WINDOWS (7fca54a01c4a187bdf2c19e8b82c5cc4)] -> xpath: //body/div[@id='app']/div[1]/div[1]/div[1]/div[1]/div[2]/div[2]/form[1]/div[4]/p[1]]]]>
    </line>
    <line>
      <![CDATA[Verify Text[[ChromeDriver: chrome on WINDOWS (7fca54a01c4a187bdf2c19e8b82c5cc4)] -> xpath: //body/div[@id='app']/div[1]/div[1]/div[1]/form[1]/h6[1]]]]>
    </line>
    <line>
      <![CDATA[Enter user name[[ChromeDriver: chrome on WINDOWS (0d3539139b03baf47c4011c533f729ad)] -> name: username]]]>
    </line>
    <line>
      <![CDATA[Enter Password[[ChromeDriver: chrome on WINDOWS (0d3539139b03baf47c4011c533f729ad)] -> name: password]]]>
    </line>
    <line>
      <![CDATA[Click on login[[ChromeDriver: chrome on WINDOWS (0d3539139b03baf47c4011c533f729ad)] -> xpath: //button[@class='oxd-button oxd-button--medium oxd-button--main orangehrm-login-button']]]]>
    </line>
    <line>
      <![CDATA[Get Text Message[[ChromeDriver: chrome on WINDOWS (0d3539139b03baf47c4011c533f729ad)] -> xpath: //h6[@class='oxd-text oxd-text--h6 oxd-topbar-header-breadcrumb-module']]]]>
    </line>
  </reporter-output>
  <suite name="sanity testsuite" duration-ms="11691" started-at="2022-12-13T22:39:34 AEST" finished-at="2022-12-13T22:39:46 AEST">
    <groups>
      <group name="regression">
        <method signature="ForgotPasswordTest.userShouldNavigateToForgotPasswordPageSuccessfully()[pri:0, instance:com.orangehrm.demo.opensource.testsuite.ForgotPasswordTest@2eda0940]" name="userShouldNavigateToForgotPasswordPageSuccessfully" class="com.orangehrm.demo.opensource.testsuite.ForgotPasswordTest"/>
        <method signature="LoginPageTest.userShouldLoginSuccessfullyWithValidCredentials()[pri:0, instance:com.orangehrm.demo.opensource.testsuite.LoginPageTest@68ceda24]" name="userShouldLoginSuccessfullyWithValidCredentials" class="com.orangehrm.demo.opensource.testsuite.LoginPageTest"/>
      </group> <!-- regression -->
      <group name="sanity">
        <method signature="ForgotPasswordTest.userShouldNavigateToForgotPasswordPageSuccessfully()[pri:0, instance:com.orangehrm.demo.opensource.testsuite.ForgotPasswordTest@2eda0940]" name="userShouldNavigateToForgotPasswordPageSuccessfully" class="com.orangehrm.demo.opensource.testsuite.ForgotPasswordTest"/>
        <method signature="LoginPageTest.userShouldLoginSuccessfullyWithValidCredentials()[pri:0, instance:com.orangehrm.demo.opensource.testsuite.LoginPageTest@68ceda24]" name="userShouldLoginSuccessfullyWithValidCredentials" class="com.orangehrm.demo.opensource.testsuite.LoginPageTest"/>
      </group> <!-- sanity -->
    </groups>
    <test name="sanity Test" duration-ms="11691" started-at="2022-12-13T22:39:34 AEST" finished-at="2022-12-13T22:39:46 AEST">
      <class name="com.orangehrm.demo.opensource.testsuite.ForgotPasswordTest">
        <test-method status="PASS" signature="setUp()[pri:0, instance:com.orangehrm.demo.opensource.testsuite.ForgotPasswordTest@2eda0940]" name="setUp" is-config="true" duration-ms="4377" started-at="2022-12-13T22:39:34 AEST" finished-at="2022-12-13T22:39:39 AEST">
          <reporter-output>
          </reporter-output>
        </test-method> <!-- setUp -->
        <test-method status="PASS" signature="inIt()[pri:0, instance:com.orangehrm.demo.opensource.testsuite.ForgotPasswordTest@2eda0940]" name="inIt" is-config="true" duration-ms="17" started-at="2022-12-13T22:39:39 AEST" finished-at="2022-12-13T22:39:39 AEST">
          <reporter-output>
          </reporter-output>
        </test-method> <!-- inIt -->
        <test-method status="PASS" signature="userShouldNavigateToForgotPasswordPageSuccessfully()[pri:0, instance:com.orangehrm.demo.opensource.testsuite.ForgotPasswordTest@2eda0940]" name="userShouldNavigateToForgotPasswordPageSuccessfully" duration-ms="831" started-at="2022-12-13T22:39:39 AEST" finished-at="2022-12-13T22:39:40 AEST">
          <reporter-output>
            <line>
              <![CDATA[Click on Forgot Password[[ChromeDriver: chrome on WINDOWS (7fca54a01c4a187bdf2c19e8b82c5cc4)] -> xpath: //body/div[@id='app']/div[1]/div[1]/div[1]/div[1]/div[2]/div[2]/form[1]/div[4]/p[1]]]]>
            </line>
            <line>
              <![CDATA[Verify Text[[ChromeDriver: chrome on WINDOWS (7fca54a01c4a187bdf2c19e8b82c5cc4)] -> xpath: //body/div[@id='app']/div[1]/div[1]/div[1]/form[1]/h6[1]]]]>
            </line>
          </reporter-output>
        </test-method> <!-- userShouldNavigateToForgotPasswordPageSuccessfully -->
        <test-method status="PASS" signature="tearDown()[pri:0, instance:com.orangehrm.demo.opensource.testsuite.ForgotPasswordTest@2eda0940]" name="tearDown" is-config="true" duration-ms="687" started-at="2022-12-13T22:39:40 AEST" finished-at="2022-12-13T22:39:40 AEST">
          <reporter-output>
          </reporter-output>
        </test-method> <!-- tearDown -->
      </class> <!-- com.orangehrm.demo.opensource.testsuite.ForgotPasswordTest -->
      <class name="com.orangehrm.demo.opensource.testsuite.LoginPageTest">
        <test-method status="PASS" signature="setUp()[pri:0, instance:com.orangehrm.demo.opensource.testsuite.LoginPageTest@68ceda24]" name="setUp" is-config="true" duration-ms="3174" started-at="2022-12-13T22:39:40 AEST" finished-at="2022-12-13T22:39:43 AEST">
          <reporter-output>
          </reporter-output>
        </test-method> <!-- setUp -->
        <test-method status="PASS" signature="inIt()[pri:0, instance:com.orangehrm.demo.opensource.testsuite.LoginPageTest@68ceda24]" name="inIt" is-config="true" duration-ms="1" started-at="2022-12-13T22:39:43 AEST" finished-at="2022-12-13T22:39:43 AEST">
          <reporter-output>
          </reporter-output>
        </test-method> <!-- inIt -->
        <test-method status="PASS" signature="userShouldLoginSuccessfullyWithValidCredentials()[pri:0, instance:com.orangehrm.demo.opensource.testsuite.LoginPageTest@68ceda24]" name="userShouldLoginSuccessfullyWithValidCredentials" duration-ms="1617" started-at="2022-12-13T22:39:43 AEST" finished-at="2022-12-13T22:39:45 AEST">
          <reporter-output>
            <line>
              <![CDATA[Enter user name[[ChromeDriver: chrome on WINDOWS (0d3539139b03baf47c4011c533f729ad)] -> name: username]]]>
            </line>
            <line>
              <![CDATA[Enter Password[[ChromeDriver: chrome on WINDOWS (0d3539139b03baf47c4011c533f729ad)] -> name: password]]]>
            </line>
            <line>
              <![CDATA[Click on login[[ChromeDriver: chrome on WINDOWS (0d3539139b03baf47c4011c533f729ad)] -> xpath: //button[@class='oxd-button oxd-button--medium oxd-button--main orangehrm-login-button']]]]>
            </line>
            <line>
              <![CDATA[Get Text Message[[ChromeDriver: chrome on WINDOWS (0d3539139b03baf47c4011c533f729ad)] -> xpath: //h6[@class='oxd-text oxd-text--h6 oxd-topbar-header-breadcrumb-module']]]]>
            </line>
          </reporter-output>
        </test-method> <!-- userShouldLoginSuccessfullyWithValidCredentials -->
        <test-method status="PASS" signature="tearDown()[pri:0, instance:com.orangehrm.demo.opensource.testsuite.LoginPageTest@68ceda24]" name="tearDown" is-config="true" duration-ms="668" started-at="2022-12-13T22:39:45 AEST" finished-at="2022-12-13T22:39:46 AEST">
          <reporter-output>
          </reporter-output>
        </test-method> <!-- tearDown -->
      </class> <!-- com.orangehrm.demo.opensource.testsuite.LoginPageTest -->
    </test> <!-- sanity Test -->
  </suite> <!-- sanity testsuite -->
</testng-results>
