<?xml version="1.0" encoding="UTF-8"?>
<!-- Generated by org.testng.reporters.JUnitXMLReporter -->
<testsuite hostname="DESKTOP-Q44GKQB" ignored="0" name="sanity Test" tests="2" failures="0" timestamp="2022-12-13T22:39:46 AEST" time="11.691" errors="0">
  <testcase name="userShouldNavigateToForgotPasswordPageSuccessfully" time="0.831" classname="com.orangehrm.demo.opensource.testsuite.ForgotPasswordTest"/>
  <testcase name="userShouldLoginSuccessfullyWithValidCredentials" time="1.617" classname="com.orangehrm.demo.opensource.testsuite.LoginPageTest"/>
</testsuite> <!-- sanity Test -->
