<?xml version="1.0" encoding="UTF-8"?>
<!-- Generated by org.testng.reporters.JUnitXMLReporter -->
<testsuite hostname="DESKTOP-Q44GKQB" ignored="0" name="Login Test" tests="2" failures="0" timestamp="2022-12-13T04:33:50 AEST" time="13.544" errors="0">
  <testcase name="userShouldLoginSuccessfullyWithValidCredentials" time="1.682" classname="com.orangehrm.demo.opensource.testsuite.LoginPageTest"/>
  <testcase name="userShouldNavigateToForgotPasswordPageSuccessfully" time="1.048" classname="com.orangehrm.demo.opensource.testsuite.ForgotPasswordTest"/>
</testsuite> <!-- Login Test -->
